<?xml version="1.0" encoding="UTF-8"?>
<beans xmlns="http://www.springframework.org/schema/beans"
       xmlns:xsi="http://www.w3.org/2001/XMLSchema-instance"
       xmlns:aop="http://www.springframework.org/schema/aop"
       xmlns:context="http://www.springframework.org/schema/context"
       xmlns:flow="http://www.springframework.org/schema/webflow-config"
       xmlns:jms="http://www.springframework.org/schema/jms"
       xmlns:jee="http://www.springframework.org/schema/jee"
       xmlns:lang="http://www.springframework.org/schema/lang"
       xmlns:osgi="http://www.springframework.org/schema/osgi"
       xmlns:tx="http://www.springframework.org/schema/tx"
       xmlns:util="http://www.springframework.org/schema/util"
       xmlns:p="http://www.springframework.org/schema/p"
       xsi:schemaLocation="http://www.springframework.org/schema/beans http://www.springframework.org/schema/beans/spring-beans-2.5.xsd
       http://www.springframework.org/schema/aop http://www.springframework.org/schema/aop/spring-aop-2.5.xsd
       http://www.springframework.org/schema/context http://www.springframework.org/schema/context/spring-context-2.5.xsd
       http://www.springframework.org/schema/webflow-config http://www.springframework.org/schema/webflow-config/spring-webflow-config-1.0.xsd
       http://www.springframework.org/schema/jms http://www.springframework.org/schema/jms/spring-jms-2.5.xsd
       http://www.springframework.org/schema/jee http://www.springframework.org/schema/jee/spring-jee-2.5.xsd
       http://www.springframework.org/schema/lang http://www.springframework.org/schema/lang/spring-lang-2.5.xsd
       http://www.springframework.org/schema/osgi http://www.springframework.org/schema/osgi/spring-osgi.xsd
       http://www.springframework.org/schema/tx http://www.springframework.org/schema/tx/spring-tx-2.5.xsd
       http://www.springframework.org/schema/util http://www.springframework.org/schema/util/spring-util-2.5.xsd">


   <!--Spring specific-->
    <bean class="org.springframework.beans.factory.config.PropertyPlaceholderConfigurer">
        <property name="locations">
            <list>
                <value>classpath:clickatell.properties</value>
                <value>classpath:orserve.properties</value>
                <value>classpath:rancard.properties</value>
            </list>
        </property>
    </bean>

    <bean id="date" class="java.util.Date" scope="prototype" />

    <bean id="dummyGateway" class="org.motechproject.mobile.omp.manager.DummyGatewayManagerImpl">
        <property name="messageHandler" ref="dummyHandler" />
    </bean>

    <bean id="dummyHandler" class="org.motechproject.mobile.omp.manager.DummyGatewayMessageHandlerImpl" scope="prototype">
        <property name="codeStatusMap">
            <map>
                <entry key="DELIVERED" value="004,DELIVRD" />
                <entry key="FAILED" value="001,005,007,105,106,107,113,114,201,202,ERROR,REJECTED" />
                <entry key="RETRY" value="009,012,103,104,301,302,failed,UNDELIV" />
                <entry key="PENDING" value="002,003,008,011,PROCESSED," />
                <entry key="CANCELLED" value="006" />
                <entry key="EXPIRED" value="010,115,116,120" />
            </map>
        </property>
        <property name="codeResponseMap">
            <map>
                <entry key="FAILED" value="005,102,105,106,107,110,111,202,305,112,113,114,552,201,failed,param,param:" />
                <entry key="RETRY" value="001,002,003,004,007,101,101p,101t,101u,103,104,108,109,301,302,304,400,401,500,501,502" />
                <entry key="EXPIRED" value="115,116,120" />
                <entry key="CANNOT_CONNECT" value="901" />
            </map>
        </property>
    </bean>

    <bean id="orserveHandler" class="org.motechproject.mobile.omp.manager.orserve.ORServeGatewayMessageHandlerImpl" scope="prototype">
        <property name="codeStatusMap">
            <map>
                <entry key="DELIVERED" value="004,DELIVRD" />
                <entry key="FAILED" value="001,005,007,105,106,107,113,114,201,202,ERROR,REJECTED" />
                <entry key="RETRY" value="009,012,103,104,301,302,failed,UNDELIV" />
                <entry key="PENDING" value="002,003,008,011,PROCESSED," />
                <entry key="CANCELLED" value="006" />
                <entry key="EXPIRED" value="010,115,116,120" />
            </map>
        </property>
        <property name="codeResponseMap">
            <map>
                <entry key="FAILED" value="005,102,105,106,107,110,111,202,305,112,113,114,552,201,failed,param,param:" />
                <entry key="RETRY" value="001,002,003,004,007,101,101p,101t,101u,103,104,108,109,301,302,304,400,401,500,501,502" />
                <entry key="EXPIRED" value="115,116,120" />
                <entry key="CANNOT_CONNECT" value="901" />
            </map>
        </property>
    </bean>

    <bean id="orserveGateway" class="org.motechproject.mobile.omp.manager.orserve.ORServeGatewayManagerImpl">
        <property name="productCode" value="${orserve.gateway.productCode}" />
        <property name="senderId" value="${orserve.gateway.senderId}" />
        <property name="messageHandler" ref="orserveHandler" />
    </bean>

    <bean id="clickatellHandler" class="org.motechproject.mobile.omp.manager.clickatell.ClickatellGatewayManagerImpl" scope="prototype">
        <property name="codeStatusMap">
            <map>
                <entry key="DELIVERED" value="004" />
                <entry key="FAILED" value="001,005,007,105,106,107,113,114,201,202" />
                <entry key="RETRY" value="009,012,103,104,301,302" />
                <entry key="PENDING" value="002,003,008,011" />
                <entry key="CANCELLED" value="006" />
                <entry key="EXPIRED" value="010,115,116,120" />
            </map>
        </property>
        <property name="codeResponseMap">
            <map>
                <entry key="FAILED" value="005,102,105,106,107,110,111,202,305,112,113,114,552,201" />
                <entry key="RETRY" value="001,002,003,004,007,101,101p,101t,101u,103,104,108,109,301,302,304,400,401,500,501,502" />
                <entry key="EXPIRED" value="115,116,120" />
                <entry key="CANNOT_CONNECT" value="901" />
            </map>
        </property>
    </bean>

    <bean id="clickGateway" class="org.motechproject.mobile.omp.manager.clickatell.ClickatellGatewayManagerImpl">
        <property name="apiId" value="${clickatell.gateway.apiId}" />
        <property name="user" value="${clickatell.gateway.user}" />
        <property name="password" value="${clickatell.gateway.password}" />
        <property name="sender" value="${clickatell.gateway.sender}" />
        <property name="deliveryAcknowledge" value="${clickatell.gateway.deliveryAcknowledge}" />
        <property name="callback" value="${clickatell.gateway.callback}" />
        <property name="baseUrl" value="${clickatell.gateway.baseUrl}" />
    </bean>

    <bean id="rancardHandler" class="org.motechproject.mobile.omp.manager.rancard.RancardGatewayMessageHandlerImpl">
        <property name="okMessageStatus" value="${rancard.gateway.okStatus}" />
        <property name="codeStatusMap">
            <map>
                <entry key="DELIVERED" value="004,DELIVRD" />
                <entry key="FAILED" value="001,005,007,105,106,107,113,114,201,202,ERROR,REJECTED" />
                <entry key="RETRY" value="009,012,103,104,301,302,failed,UNDELIV" />
                <entry key="PENDING" value="002,003,008,011,PROCESSED," />
                <entry key="CANCELLED" value="006" />
                <entry key="EXPIRED" value="010,115,116,120" />
            </map>
        </property>
        <property name="codeResponseMap">
            <map>
                <entry key="FAILED" value="005,102,105,106,107,110,111,202,305,112,113,114,552,201,failed,param,param:" />
                <entry key="RETRY" value="001,002,003,004,007,101,101p,101t,101u,103,104,108,109,301,302,304,400,401,500,501,502" />
                <entry key="EXPIRED" value="115,116,120" />
                <entry key="CANNOT_CONNECT" value="901" />
            </map>
        </property>
    </bean>

    <bean id="rancardGateway" class="org.motechproject.mobile.omp.manager.rancard.RancardGatewayManagerImpl">
        <property name="user" value="${rancard.gateway.user}" />
        <property name="password" value="${rancard.gateway.password}" />
        <property name="sentMessageStatus" value="${rancard.gateway.sentStatus}" />
        <property name="sender" value="${rancard.gateway.senderId}" />
        <property name="serviceURL" value="${rancard.gateway.serviceURL}" />
        <property name="messageHandler" ref="rancardHandler" />
    </bean>
    
	<bean id="intellIVRServer" class="org.motechproject.mobile.omp.manager.intellivr.IntellIVRServerImpl" init-method="init">
		<property name="serverURL" value="http://ivr.yo.co.ug/intellivr/api/api"/>
	</bean>
 
 	<bean id="intellIVRResponseMap" class="java.util.HashMap">
		<constructor-arg>
			<map>
				<entry key="0000">
					<value type="org.motechproject.mobile.core.model.MStatus">FAILED</value>
				</entry>
				<entry key="0001">
					<value type="org.motechproject.mobile.core.model.MStatus">FAILED</value>
				</entry>
				<entry key="0002">
					<value type="org.motechproject.mobile.core.model.MStatus">FAILED</value>
				</entry>
				<entry key="0003">
					<value type="org.motechproject.mobile.core.model.MStatus">FAILED</value>
				</entry>
				<entry key="0004">
					<value type="org.motechproject.mobile.core.model.MStatus">FAILED</value>
				</entry>
				<entry key="0005">
					<value type="org.motechproject.mobile.core.model.MStatus">FAILED</value>
				</entry>
				<entry key="0006">
					<value type="org.motechproject.mobile.core.model.MStatus">FAILED</value>
				</entry>
				<entry key="0007">
					<value type="org.motechproject.mobile.core.model.MStatus">FAILED</value>
				</entry>
				<entry key="0008">
					<value type="org.motechproject.mobile.core.model.MStatus">FAILED</value>
				</entry>
				<entry key="0009">
					<value type="org.motechproject.mobile.core.model.MStatus">FAILED</value>
				</entry>
				<entry key="0010">
					<value type="org.motechproject.mobile.core.model.MStatus">FAILED</value>
				</entry>
				<entry key="0011">
					<value type="org.motechproject.mobile.core.model.MStatus">FAILED</value>
				</entry>
				<entry key="ERROR">
					<value type="org.motechproject.mobile.core.model.MStatus">FAILED</value>
				</entry>
				<entry key="MAXATTEMPTS">
					<value type="org.motechproject.mobile.core.model.MStatus">FAILED</value>
				</entry>
				<entry key="OK">
					<value type="org.motechproject.mobile.core.model.MStatus">PENDING</value>
				</entry>
				<entry key="REJECTED">
					<value type="org.motechproject.mobile.core.model.MStatus">PENDING</value>
				</entry>
				<entry key="BUSY">
					<value type="org.motechproject.mobile.core.model.MStatus">PENDING</value>
				</entry>
				<entry key="CONGESTION">
					<value type="org.motechproject.mobile.core.model.MStatus">PENDING</value>
				</entry>
				<entry key="NOANSWER">
					<value type="org.motechproject.mobile.core.model.MStatus">PENDING</value>
				</entry>
				<entry key="INTERNALERROR">
					<value type="org.motechproject.mobile.core.model.MStatus">PENDING</value>
				</entry>
				<entry key="COMPLETED">
					<value type="org.motechproject.mobile.core.model.MStatus">DELIVERED</value>
				</entry>
			</map>
		</constructor-arg>
	</bean>
  
    <bean id="intellIVRMessageHandler" class="org.motechproject.mobile.omp.manager.intellivr.IntellIVRGatewayMessageHandler">
		<property name="statusMap" ref="intellIVRResponseMap"/>     
		<property name="responseMap" ref="intellIVRResponseMap"/>    
	</bean>
    
    <bean id="intellivrBean" class="org.motechproject.mobile.omp.manager.intellivr.IntellIVRDummyBean" init-method="init" destroy-method="cleanUp">
		<property name="reportURL" value="http://motech-ws.rcg.usm.maine.edu:8080/motech-mobile-webapp/intellivr"/>
		<property name="apiID" value="Cqyc0kReo98jxWz9N0qYKzBslRYaLsStA6shaLkHdfnpDU3C2E"/>
		<property name="method" value="ivroriginate"/>
		<property name="defaultLanguage" value="English"/>
		<property name="defaultTree" value="api_test"/>
		<property name="defaultReminder" value="IDconfirmation.wav"/>
		<property name="ivrServer" ref="intellIVRServer"/>
		<property name="messageHandler" ref="intellIVRMessageHandler"/>		
		<property name="statusStore">
			<bean class="org.motechproject.mobile.omp.manager.utils.InMemoryMessageStatusStore"/>
		</property>
		<property name="bundlingDelay" value="15000"/>
		<property name="retryDelay" value="15"/>
		<property name="maxAttempts" value="4"/>
		<property name="maxDays" value="4"/>	
		<property name="noPendingMessagesRecordingName" value="prompt_H.wav"/>
		<property name="mappingResource" value="classpath:intellivr.conf"/>
		<property name="ivrSessionSerialResource" value="file:src/test/resources/ivrsession.cache"/>
	</bean>

	<bean id="compositeHandler" class="org.motechproject.mobile.omp.manager.CompositeGatewayMessageHandler">
		<property name="voiceHandler" ref="dummyHandler"/>
		<property name="textHandler" ref="dummyHandler"/>
	</bean>

	<bean id="compositeGateway" class="org.motechproject.mobile.omp.manager.CompositeGatewayManager">
		<property name="textGatewayManager" ref="dummyGateway"/>
		<property name="voiceGatewayManager" ref="dummyGateway"/>
		<property name="compositeMessageHandler" ref="compositeHandler"/>
	</bean>

    <bean id="smsCache" class="org.motechproject.mobile.omp.service.SMSCacheServiceImpl">
    </bean>

    <bean id="smsService" class="org.motechproject.mobile.omp.service.SMSMessagingServiceImpl">
        <property name="cache" ref="smsCache" />
        <property name="gatewayManager" ref="dummyGateway" />
    </bean>

    <bean name="ompManager" class="org.motechproject.mobile.omp.manager.OMPManagerImpl" />
</beans>
